[2020-09-02 21:30:01.533] [exthost] [info] extension host started
[2020-09-02 21:30:01.916] [exthost] [info] extension host started
[2020-09-02 21:30:02.023] [exthost] [info] ExtensionService#_doActivateExtension vscode.grunt {"startup":false,"extensionId":{"value":"vscode.grunt","_lower":"vscode.grunt"},"activationEvent":"onCommand:workbench.action.tasks.runTask"}
[2020-09-02 21:30:02.025] [exthost] [info] ExtensionService#loadCommonJSModule file:///c:/Users/Blake Patterson/.p2/pool/plugins/com.genuitec.eclipse.code.engine.app.win32.x86_64_3.6.0.202002212104/engine/resources/app/extensions/grunt/dist/main
[2020-09-02 21:30:02.037] [exthost] [info] ExtensionService#_doActivateExtension vscode.gulp {"startup":false,"extensionId":{"value":"vscode.gulp","_lower":"vscode.gulp"},"activationEvent":"onCommand:workbench.action.tasks.runTask"}
[2020-09-02 21:30:02.038] [exthost] [info] ExtensionService#loadCommonJSModule file:///c:/Users/Blake Patterson/.p2/pool/plugins/com.genuitec.eclipse.code.engine.app.win32.x86_64_3.6.0.202002212104/engine/resources/app/extensions/gulp/dist/main
[2020-09-02 21:30:02.050] [exthost] [info] ExtensionService#_doActivateExtension vscode.jake {"startup":false,"extensionId":{"value":"vscode.jake","_lower":"vscode.jake"},"activationEvent":"onCommand:workbench.action.tasks.runTask"}
[2020-09-02 21:30:02.050] [exthost] [info] ExtensionService#loadCommonJSModule file:///c:/Users/Blake Patterson/.p2/pool/plugins/com.genuitec.eclipse.code.engine.app.win32.x86_64_3.6.0.202002212104/engine/resources/app/extensions/jake/dist/main
[2020-09-02 21:30:02.064] [exthost] [info] ExtensionService#_doActivateExtension vscode.npm {"startup":false,"extensionId":{"value":"vscode.npm","_lower":"vscode.npm"},"activationEvent":"onCommand:workbench.action.tasks.runTask"}
[2020-09-02 21:30:02.064] [exthost] [info] ExtensionService#loadCommonJSModule file:///c:/Users/Blake Patterson/.p2/pool/plugins/com.genuitec.eclipse.code.engine.app.win32.x86_64_3.6.0.202002212104/engine/resources/app/extensions/npm/dist/main
[2020-09-02 21:30:02.089] [exthost] [info] ExtensionService#_doActivateExtension vscode.typescript-language-features {"startup":false,"extensionId":{"value":"vscode.typescript-language-features","_lower":"vscode.typescript-language-features"},"activationEvent":"onCommand:workbench.action.tasks.runTask"}
[2020-09-02 21:30:02.089] [exthost] [info] ExtensionService#loadCommonJSModule file:///c:/Users/Blake Patterson/.p2/pool/plugins/com.genuitec.eclipse.code.engine.app.win32.x86_64_3.6.0.202002212104/engine/resources/app/extensions/typescript-language-features/dist/extension
[2020-09-02 21:30:02.121] [exthost] [info] ExtensionService#_doActivateExtension HookyQR.beautify {"startup":true,"extensionId":{"value":"HookyQR.beautify","_lower":"hookyqr.beautify"},"activationEvent":"*"}
[2020-09-02 21:30:02.121] [exthost] [info] ExtensionService#loadCommonJSModule file:///c:/Users/Blake Patterson/.p2/pool/plugins/pack.core.win_3.6.0.202001241725/HookyQR.beautify-1.4.11/extension
[2020-09-02 21:30:02.214] [exthost] [info] ExtensionService#_doActivateExtension christian-kohler.path-intellisense {"startup":true,"extensionId":{"value":"christian-kohler.path-intellisense","_lower":"christian-kohler.path-intellisense"},"activationEvent":"*"}
[2020-09-02 21:30:02.214] [exthost] [info] ExtensionService#loadCommonJSModule file:///c:/Users/Blake Patterson/.p2/pool/plugins/pack.core.win_3.6.0.202001241725/christian-kohler.path-intellisense-1.4.2/out/src/extension
[2020-09-02 21:30:02.236] [exthost] [info] ExtensionService#_doActivateExtension dbaeumer.vscode-eslint {"startup":true,"extensionId":{"value":"dbaeumer.vscode-eslint","_lower":"dbaeumer.vscode-eslint"},"activationEvent":"*"}
[2020-09-02 21:30:02.236] [exthost] [info] ExtensionService#loadCommonJSModule file:///c:/Users/Blake Patterson/.p2/pool/plugins/pack.core.win_3.6.0.202001241725/dbaeumer.vscode-eslint-1.9.0/client/out/extension
[2020-09-02 21:30:02.256] [exthost] [info] ExtensionService#_doActivateExtension vscode.debug-auto-launch {"startup":true,"extensionId":{"value":"vscode.debug-auto-launch","_lower":"vscode.debug-auto-launch"},"activationEvent":"*"}
[2020-09-02 21:30:02.257] [exthost] [info] ExtensionService#loadCommonJSModule file:///c:/Users/Blake Patterson/.p2/pool/plugins/com.genuitec.eclipse.code.engine.app.win32.x86_64_3.6.0.202002212104/engine/resources/app/extensions/debug-auto-launch/dist/extension
[2020-09-02 21:30:02.261] [exthost] [info] ExtensionService#_doActivateExtension vscode.emmet {"startup":true,"extensionId":{"value":"vscode.emmet","_lower":"vscode.emmet"},"activationEvent":"*"}
[2020-09-02 21:30:02.261] [exthost] [info] ExtensionService#loadCommonJSModule file:///c:/Users/Blake Patterson/.p2/pool/plugins/com.genuitec.eclipse.code.engine.app.win32.x86_64_3.6.0.202002212104/engine/resources/app/extensions/emmet/dist/extension
[2020-09-02 21:30:02.284] [exthost] [info] ExtensionService#_doActivateExtension formulahendry.auto-close-tag {"startup":true,"extensionId":{"value":"formulahendry.auto-close-tag","_lower":"formulahendry.auto-close-tag"},"activationEvent":"*"}
[2020-09-02 21:30:02.284] [exthost] [info] ExtensionService#loadCommonJSModule file:///c:/Users/Blake Patterson/.p2/pool/plugins/pack.core.win_3.6.0.202001241725/formulahendry.auto-close-tag-0.5.6/out/src/extension
[2020-09-02 21:30:02.337] [exthost] [info] eager extensions activated
